2025-10-17 10:56:11Z Start. container=immutable prefix=Folder1/Folder2/Folder3/Folder batch=256 concurrency=64 foldersParallel=1 heartbeatEvery=1000
2025-10-17 10:56:12Z Discovered 2 folder(s) under prefix.
2025-10-17 10:56:12Z FOLDER-START Folder1/Folder2/Folder3/Folder4
2025-10-17 10:56:19Z HEARTBEAT Folder1/Folder2/Folder3/Folder4 queued=1000
2025-10-17 10:56:19Z HEARTBEAT Folder1/Folder2/Folder3/Folder4 queued=2000
2025-10-17 10:56:19Z HEARTBEAT Folder1/Folder2/Folder3/Folder4 queued=3000
2025-10-17 10:56:33Z HEARTBEAT Folder1/Folder2/Folder3/Folder4 queued=4000
2025-10-17 10:56:33Z HEARTBEAT Folder1/Folder2/Folder3/Folder4 queued=5000
2025-10-17 10:56:33Z HEARTBEAT Folder1/Folder2/Folder3/Folder4 queued=6000
2025-10-17 10:56:49Z HEARTBEAT Folder1/Folder2/Folder3/Folder4 queued=7000
2025-10-17 10:56:49Z HEARTBEAT Folder1/Folder2/Folder3/Folder4 queued=8000
2025-10-17 10:56:49Z HEARTBEAT Folder1/Folder2/Folder3/Folder4 queued=9000
2025-10-17 10:57:06Z HEARTBEAT Folder1/Folder2/Folder3/Folder4 queued=10000
2025-10-17 10:57:06Z HEARTBEAT Folder1/Folder2/Folder3/Folder4 queued=11000
2025-10-17 10:57:06Z HEARTBEAT Folder1/Folder2/Folder3/Folder4 queued=12000
2025-10-17 10:57:12Z HEARTBEAT Folder1/Folder2/Folder3/Folder4 queued=13000
2025-10-17 10:57:12Z HEARTBEAT Folder1/Folder2/Folder3/Folder4 queued=14000
2025-10-17 10:57:12Z HEARTBEAT Folder1/Folder2/Folder3/Folder4 queued=15000
2025-10-17 10:57:13Z HEARTBEAT Folder1/Folder2/Folder3/Folder4 queued=16000
2025-10-17 10:57:13Z HEARTBEAT Folder1/Folder2/Folder3/Folder4 queued=17000
2025-10-17 10:57:13Z HEARTBEAT Folder1/Folder2/Folder3/Folder4 queued=18000
2025-10-17 10:57:13Z HEARTBEAT Folder1/Folder2/Folder3/Folder4 queued=19000
2025-10-17 10:57:13Z HEARTBEAT Folder1/Folder2/Folder3/Folder4 queued=20000
2025-10-17 10:57:14Z HEARTBEAT Folder1/Folder2/Folder3/Folder4 queued=21000
2025-10-17 10:57:14Z HEARTBEAT Folder1/Folder2/Folder3/Folder4 queued=22000
2025-10-17 10:57:14Z HEARTBEAT Folder1/Folder2/Folder3/Folder4 queued=23000
2025-10-17 10:57:14Z HEARTBEAT Folder1/Folder2/Folder3/Folder4 queued=24000
2025-10-17 10:57:14Z HEARTBEAT Folder1/Folder2/Folder3/Folder4 queued=25000
2025-10-17 10:57:15Z HEARTBEAT Folder1/Folder2/Folder3/Folder4 queued=26000
2025-10-17 10:57:15Z HEARTBEAT Folder1/Folder2/Folder3/Folder4 queued=27000
2025-10-17 10:57:15Z HEARTBEAT Folder1/Folder2/Folder3/Folder4 queued=28000
2025-10-17 10:57:17Z HEARTBEAT Folder1/Folder2/Folder3/Folder4 queued=29000
2025-10-17 10:57:17Z HEARTBEAT Folder1/Folder2/Folder3/Folder4 queued=30000
2025-10-17 10:57:17Z HEARTBEAT Folder1/Folder2/Folder3/Folder4 queued=31000
2025-10-17 10:57:18Z HEARTBEAT Folder1/Folder2/Folder3/Folder4 queued=32000
2025-10-17 10:57:18Z HEARTBEAT Folder1/Folder2/Folder3/Folder4 queued=33000
2025-10-17 10:57:18Z HEARTBEAT Folder1/Folder2/Folder3/Folder4 queued=34000
2025-10-17 10:57:19Z HEARTBEAT Folder1/Folder2/Folder3/Folder4 queued=35000
2025-10-17 10:57:19Z HEARTBEAT Folder1/Folder2/Folder3/Folder4 queued=36000
2025-10-17 10:57:19Z HEARTBEAT Folder1/Folder2/Folder3/Folder4 queued=37000
2025-10-17 10:57:19Z HEARTBEAT Folder1/Folder2/Folder3/Folder4 queued=38000
2025-10-17 10:57:19Z HEARTBEAT Folder1/Folder2/Folder3/Folder4 queued=39000
2025-10-17 10:57:19Z HEARTBEAT Folder1/Folder2/Folder3/Folder4 queued=40000
2025-10-17 10:57:19Z HEARTBEAT Folder1/Folder2/Folder3/Folder4 queued=41000
2025-10-17 10:57:20Z HEARTBEAT Folder1/Folder2/Folder3/Folder4 queued=42000
2025-10-17 10:57:20Z HEARTBEAT Folder1/Folder2/Folder3/Folder4 queued=43000
2025-10-17 10:57:20Z HEARTBEAT Folder1/Folder2/Folder3/Folder4 queued=44000
2025-10-17 10:57:21Z HEARTBEAT Folder1/Folder2/Folder3/Folder4 queued=45000
2025-10-17 10:57:21Z HEARTBEAT Folder1/Folder2/Folder3/Folder4 queued=46000
2025-10-17 10:57:21Z HEARTBEAT Folder1/Folder2/Folder3/Folder4 queued=47000
2025-10-17 10:57:22Z HEARTBEAT Folder1/Folder2/Folder3/Folder4 queued=48000
2025-10-17 10:57:22Z HEARTBEAT Folder1/Folder2/Folder3/Folder4 queued=49000
2025-10-17 10:57:22Z HEARTBEAT Folder1/Folder2/Folder3/Folder4 queued=50000
2025-10-17 10:57:23Z HEARTBEAT Folder1/Folder2/Folder3/Folder4 queued=51000
2025-10-17 10:57:23Z HEARTBEAT Folder1/Folder2/Folder3/Folder4 queued=52000
2025-10-17 10:57:23Z HEARTBEAT Folder1/Folder2/Folder3/Folder4 queued=53000
2025-10-17 10:57:24Z HEARTBEAT Folder1/Folder2/Folder3/Folder4 queued=54000
2025-10-17 10:57:24Z HEARTBEAT Folder1/Folder2/Folder3/Folder4 queued=55000
2025-10-17 10:57:24Z HEARTBEAT Folder1/Folder2/Folder3/Folder4 queued=56000
2025-10-17 10:57:25Z HEARTBEAT Folder1/Folder2/Folder3/Folder4 queued=57000
2025-10-17 10:57:25Z HEARTBEAT Folder1/Folder2/Folder3/Folder4 queued=58000
2025-10-17 10:57:25Z HEARTBEAT Folder1/Folder2/Folder3/Folder4 queued=59000
2025-10-17 10:57:25Z HEARTBEAT Folder1/Folder2/Folder3/Folder4 queued=60000
2025-10-17 10:57:27Z HEARTBEAT Folder1/Folder2/Folder3/Folder4 queued=61000
2025-10-17 10:57:27Z HEARTBEAT Folder1/Folder2/Folder3/Folder4 queued=62000
2025-10-17 10:57:27Z HEARTBEAT Folder1/Folder2/Folder3/Folder4 queued=63000
2025-10-17 10:57:27Z HEARTBEAT Folder1/Folder2/Folder3/Folder4 queued=64000
2025-10-17 10:57:27Z HEARTBEAT Folder1/Folder2/Folder3/Folder4 queued=65000
2025-10-17 10:57:27Z HEARTBEAT Folder1/Folder2/Folder3/Folder4 queued=66000
2025-10-17 10:57:30Z HEARTBEAT Folder1/Folder2/Folder3/Folder4 queued=67000
2025-10-17 10:57:30Z HEARTBEAT Folder1/Folder2/Folder3/Folder4 queued=68000
2025-10-17 10:57:30Z HEARTBEAT Folder1/Folder2/Folder3/Folder4 queued=69000
2025-10-17 10:57:30Z HEARTBEAT Folder1/Folder2/Folder3/Folder4 queued=70000
2025-10-17 10:57:30Z HEARTBEAT Folder1/Folder2/Folder3/Folder4 queued=71000
2025-10-17 10:57:30Z HEARTBEAT Folder1/Folder2/Folder3/Folder4 queued=72000
2025-10-17 10:57:31Z HEARTBEAT Folder1/Folder2/Folder3/Folder4 queued=73000
2025-10-17 10:57:31Z HEARTBEAT Folder1/Folder2/Folder3/Folder4 queued=74000
2025-10-17 10:57:31Z HEARTBEAT Folder1/Folder2/Folder3/Folder4 queued=75000
2025-10-17 10:57:31Z HEARTBEAT Folder1/Folder2/Folder3/Folder4 queued=76000
2025-10-17 10:57:32Z HEARTBEAT Folder1/Folder2/Folder3/Folder4 queued=77000
2025-10-17 10:57:32Z HEARTBEAT Folder1/Folder2/Folder3/Folder4 queued=78000
2025-10-17 10:57:32Z HEARTBEAT Folder1/Folder2/Folder3/Folder4 queued=79000
2025-10-17 10:57:32Z HEARTBEAT Folder1/Folder2/Folder3/Folder4 queued=80000
2025-10-17 10:57:32Z HEARTBEAT Folder1/Folder2/Folder3/Folder4 queued=81000
2025-10-17 10:57:32Z HEARTBEAT Folder1/Folder2/Folder3/Folder4 queued=82000
2025-10-17 10:57:32Z HEARTBEAT Folder1/Folder2/Folder3/Folder4 queued=83000
2025-10-17 10:57:33Z HEARTBEAT Folder1/Folder2/Folder3/Folder4 queued=84000
2025-10-17 10:57:33Z HEARTBEAT Folder1/Folder2/Folder3/Folder4 queued=85000
2025-10-17 10:57:33Z HEARTBEAT Folder1/Folder2/Folder3/Folder4 queued=86000
2025-10-17 10:57:34Z HEARTBEAT Folder1/Folder2/Folder3/Folder4 queued=87000
2025-10-17 10:57:34Z HEARTBEAT Folder1/Folder2/Folder3/Folder4 queued=88000
2025-10-17 10:57:34Z HEARTBEAT Folder1/Folder2/Folder3/Folder4 queued=89000
2025-10-17 10:57:34Z HEARTBEAT Folder1/Folder2/Folder3/Folder4 queued=90000
2025-10-17 10:57:35Z HEARTBEAT Folder1/Folder2/Folder3/Folder4 queued=91000
2025-10-17 10:57:35Z HEARTBEAT Folder1/Folder2/Folder3/Folder4 queued=92000
2025-10-17 10:57:35Z HEARTBEAT Folder1/Folder2/Folder3/Folder4 queued=93000
2025-10-17 10:57:36Z HEARTBEAT Folder1/Folder2/Folder3/Folder4 queued=94000
2025-10-17 10:57:36Z HEARTBEAT Folder1/Folder2/Folder3/Folder4 queued=95000
2025-10-17 10:57:36Z HEARTBEAT Folder1/Folder2/Folder3/Folder4 queued=96000
2025-10-17 10:57:36Z HEARTBEAT Folder1/Folder2/Folder3/Folder4 queued=97000
2025-10-17 10:57:38Z HEARTBEAT Folder1/Folder2/Folder3/Folder4 queued=98000
2025-10-17 10:57:38Z HEARTBEAT Folder1/Folder2/Folder3/Folder4 queued=99000
2025-10-17 10:57:38Z HEARTBEAT Folder1/Folder2/Folder3/Folder4 queued=100000
2025-10-17 10:57:38Z HEARTBEAT Folder1/Folder2/Folder3/Folder4 queued=101000
2025-10-17 10:57:38Z HEARTBEAT Folder1/Folder2/Folder3/Folder4 queued=102000
2025-10-17 10:57:38Z HEARTBEAT Folder1/Folder2/Folder3/Folder4 queued=103000
2025-10-17 10:57:38Z HEARTBEAT Folder1/Folder2/Folder3/Folder4 queued=104000
2025-10-17 10:57:39Z HEARTBEAT Folder1/Folder2/Folder3/Folder4 queued=105000
2025-10-17 10:57:39Z HEARTBEAT Folder1/Folder2/Folder3/Folder4 queued=106000
2025-10-17 10:57:39Z HEARTBEAT Folder1/Folder2/Folder3/Folder4 queued=107000
2025-10-17 10:57:41Z HEARTBEAT Folder1/Folder2/Folder3/Folder4 queued=108000
2025-10-17 10:57:41Z HEARTBEAT Folder1/Folder2/Folder3/Folder4 queued=109000
2025-10-17 10:57:41Z HEARTBEAT Folder1/Folder2/Folder3/Folder4 queued=110000
2025-10-17 10:57:41Z HEARTBEAT Folder1/Folder2/Folder3/Folder4 queued=111000
2025-10-17 10:57:42Z HEARTBEAT Folder1/Folder2/Folder3/Folder4 queued=112000
2025-10-17 10:57:42Z HEARTBEAT Folder1/Folder2/Folder3/Folder4 queued=113000
2025-10-17 10:57:42Z HEARTBEAT Folder1/Folder2/Folder3/Folder4 queued=114000
2025-10-17 10:57:43Z HEARTBEAT Folder1/Folder2/Folder3/Folder4 queued=115000
2025-10-17 10:57:43Z HEARTBEAT Folder1/Folder2/Folder3/Folder4 queued=116000
2025-10-17 10:57:43Z HEARTBEAT Folder1/Folder2/Folder3/Folder4 queued=117000
2025-10-17 10:57:43Z HEARTBEAT Folder1/Folder2/Folder3/Folder4 queued=118000
2025-10-17 10:57:44Z HEARTBEAT Folder1/Folder2/Folder3/Folder4 queued=119000
2025-10-17 10:57:44Z HEARTBEAT Folder1/Folder2/Folder3/Folder4 queued=120000
2025-10-17 10:57:44Z HEARTBEAT Folder1/Folder2/Folder3/Folder4 queued=121000
2025-10-17 10:57:45Z HEARTBEAT Folder1/Folder2/Folder3/Folder4 queued=122000
2025-10-17 10:57:45Z HEARTBEAT Folder1/Folder2/Folder3/Folder4 queued=123000
2025-10-17 10:57:45Z HEARTBEAT Folder1/Folder2/Folder3/Folder4 queued=124000
2025-10-17 10:57:45Z HEARTBEAT Folder1/Folder2/Folder3/Folder4 queued=125000
2025-10-17 10:57:46Z HEARTBEAT Folder1/Folder2/Folder3/Folder4 queued=126000
2025-10-17 10:57:46Z HEARTBEAT Folder1/Folder2/Folder3/Folder4 queued=127000
2025-10-17 10:57:46Z HEARTBEAT Folder1/Folder2/Folder3/Folder4 queued=128000
2025-10-17 10:57:47Z HEARTBEAT Folder1/Folder2/Folder3/Folder4 queued=129000
2025-10-17 10:57:47Z HEARTBEAT Folder1/Folder2/Folder3/Folder4 queued=130000
2025-10-17 10:57:47Z HEARTBEAT Folder1/Folder2/Folder3/Folder4 queued=131000
2025-10-17 10:57:47Z HEARTBEAT Folder1/Folder2/Folder3/Folder4 queued=132000
2025-10-17 10:57:48Z HEARTBEAT Folder1/Folder2/Folder3/Folder4 queued=133000
2025-10-17 10:57:48Z HEARTBEAT Folder1/Folder2/Folder3/Folder4 queued=134000
2025-10-17 10:57:48Z HEARTBEAT Folder1/Folder2/Folder3/Folder4 queued=135000
2025-10-17 10:57:49Z HEARTBEAT Folder1/Folder2/Folder3/Folder4 queued=136000
2025-10-17 10:57:49Z HEARTBEAT Folder1/Folder2/Folder3/Folder4 queued=137000
2025-10-17 10:57:49Z HEARTBEAT Folder1/Folder2/Folder3/Folder4 queued=138000
2025-10-17 10:57:49Z HEARTBEAT Folder1/Folder2/Folder3/Folder4 queued=139000
2025-10-17 10:57:50Z HEARTBEAT Folder1/Folder2/Folder3/Folder4 queued=140000
2025-10-17 10:57:50Z HEARTBEAT Folder1/Folder2/Folder3/Folder4 queued=141000
2025-10-17 10:57:50Z HEARTBEAT Folder1/Folder2/Folder3/Folder4 queued=142000
2025-10-17 10:57:52Z HEARTBEAT Folder1/Folder2/Folder3/Folder4 queued=143000
2025-10-17 10:57:52Z HEARTBEAT Folder1/Folder2/Folder3/Folder4 queued=144000
2025-10-17 10:57:52Z HEARTBEAT Folder1/Folder2/Folder3/Folder4 queued=145000
2025-10-17 10:57:52Z HEARTBEAT Folder1/Folder2/Folder3/Folder4 queued=146000
2025-10-17 10:57:53Z HEARTBEAT Folder1/Folder2/Folder3/Folder4 queued=147000
2025-10-17 10:57:53Z HEARTBEAT Folder1/Folder2/Folder3/Folder4 queued=148000
2025-10-17 10:57:53Z HEARTBEAT Folder1/Folder2/Folder3/Folder4 queued=149000
2025-10-17 10:57:53Z HEARTBEAT Folder1/Folder2/Folder3/Folder4 queued=150000
2025-10-17 10:57:53Z HEARTBEAT Folder1/Folder2/Folder3/Folder4 queued=151000
2025-10-17 10:57:53Z HEARTBEAT Folder1/Folder2/Folder3/Folder4 queued=152000
2025-10-17 10:57:53Z HEARTBEAT Folder1/Folder2/Folder3/Folder4 queued=153000
2025-10-17 10:57:54Z HEARTBEAT Folder1/Folder2/Folder3/Folder4 queued=154000
2025-10-17 10:57:54Z HEARTBEAT Folder1/Folder2/Folder3/Folder4 queued=155000
2025-10-17 10:57:54Z HEARTBEAT Folder1/Folder2/Folder3/Folder4 queued=156000
2025-10-17 10:57:55Z HEARTBEAT Folder1/Folder2/Folder3/Folder4 queued=157000
2025-10-17 10:57:55Z HEARTBEAT Folder1/Folder2/Folder3/Folder4 queued=158000
2025-10-17 10:57:55Z HEARTBEAT Folder1/Folder2/Folder3/Folder4 queued=159000
2025-10-17 10:57:55Z HEARTBEAT Folder1/Folder2/Folder3/Folder4 queued=160000
2025-10-17 10:57:56Z HEARTBEAT Folder1/Folder2/Folder3/Folder4 queued=161000
2025-10-17 10:57:56Z HEARTBEAT Folder1/Folder2/Folder3/Folder4 queued=162000
2025-10-17 10:57:56Z HEARTBEAT Folder1/Folder2/Folder3/Folder4 queued=163000
2025-10-17 10:57:56Z HEARTBEAT Folder1/Folder2/Folder3/Folder4 queued=164000
2025-10-17 10:57:57Z HEARTBEAT Folder1/Folder2/Folder3/Folder4 queued=165000
2025-10-17 10:57:57Z HEARTBEAT Folder1/Folder2/Folder3/Folder4 queued=166000
2025-10-17 10:57:57Z HEARTBEAT Folder1/Folder2/Folder3/Folder4 queued=167000
2025-10-17 10:57:58Z HEARTBEAT Folder1/Folder2/Folder3/Folder4 queued=168000
2025-10-17 10:57:58Z HEARTBEAT Folder1/Folder2/Folder3/Folder4 queued=169000
2025-10-17 10:57:58Z HEARTBEAT Folder1/Folder2/Folder3/Folder4 queued=170000
2025-10-17 10:57:58Z HEARTBEAT Folder1/Folder2/Folder3/Folder4 queued=171000
2025-10-17 10:57:59Z HEARTBEAT Folder1/Folder2/Folder3/Folder4 queued=172000
2025-10-17 10:57:59Z HEARTBEAT Folder1/Folder2/Folder3/Folder4 queued=173000
2025-10-17 10:57:59Z HEARTBEAT Folder1/Folder2/Folder3/Folder4 queued=174000
2025-10-17 10:58:00Z HEARTBEAT Folder1/Folder2/Folder3/Folder4 queued=175000
2025-10-17 10:58:00Z HEARTBEAT Folder1/Folder2/Folder3/Folder4 queued=176000
2025-10-17 10:58:00Z HEARTBEAT Folder1/Folder2/Folder3/Folder4 queued=177000
2025-10-17 10:58:00Z HEARTBEAT Folder1/Folder2/Folder3/Folder4 queued=178000
2025-10-17 10:58:00Z HEARTBEAT Folder1/Folder2/Folder3/Folder4 queued=179000
2025-10-17 10:58:00Z HEARTBEAT Folder1/Folder2/Folder3/Folder4 queued=180000
2025-10-17 10:58:00Z HEARTBEAT Folder1/Folder2/Folder3/Folder4 queued=181000
2025-10-17 10:58:01Z HEARTBEAT Folder1/Folder2/Folder3/Folder4 queued=182000
2025-10-17 10:58:01Z HEARTBEAT Folder1/Folder2/Folder3/Folder4 queued=183000
2025-10-17 10:58:01Z HEARTBEAT Folder1/Folder2/Folder3/Folder4 queued=184000
2025-10-17 10:58:01Z HEARTBEAT Folder1/Folder2/Folder3/Folder4 queued=185000
2025-10-17 10:58:02Z HEARTBEAT Folder1/Folder2/Folder3/Folder4 queued=186000
2025-10-17 10:58:02Z HEARTBEAT Folder1/Folder2/Folder3/Folder4 queued=187000
2025-10-17 10:58:02Z HEARTBEAT Folder1/Folder2/Folder3/Folder4 queued=188000
2025-10-17 10:58:03Z HEARTBEAT Folder1/Folder2/Folder3/Folder4 queued=189000
2025-10-17 10:58:03Z HEARTBEAT Folder1/Folder2/Folder3/Folder4 queued=190000
2025-10-17 10:58:03Z HEARTBEAT Folder1/Folder2/Folder3/Folder4 queued=191000
2025-10-17 10:58:03Z HEARTBEAT Folder1/Folder2/Folder3/Folder4 queued=192000
2025-10-17 10:58:04Z HEARTBEAT Folder1/Folder2/Folder3/Folder4 queued=193000
2025-10-17 10:58:04Z HEARTBEAT Folder1/Folder2/Folder3/Folder4 queued=194000
2025-10-17 10:58:04Z HEARTBEAT Folder1/Folder2/Folder3/Folder4 queued=195000
2025-10-17 10:58:05Z HEARTBEAT Folder1/Folder2/Folder3/Folder4 queued=196000
2025-10-17 10:58:05Z HEARTBEAT Folder1/Folder2/Folder3/Folder4 queued=197000
2025-10-17 10:58:05Z HEARTBEAT Folder1/Folder2/Folder3/Folder4 queued=198000
2025-10-17 10:58:05Z HEARTBEAT Folder1/Folder2/Folder3/Folder4 queued=199000
2025-10-17 10:58:06Z HEARTBEAT Folder1/Folder2/Folder3/Folder4 queued=200000
2025-10-17 10:58:06Z HEARTBEAT Folder1/Folder2/Folder3/Folder4 queued=201000
2025-10-17 10:58:06Z HEARTBEAT Folder1/Folder2/Folder3/Folder4 queued=202000
2025-10-17 10:58:06Z HEARTBEAT Folder1/Folder2/Folder3/Folder4 queued=203000
2025-10-17 10:58:06Z HEARTBEAT Folder1/Folder2/Folder3/Folder4 queued=204000
2025-10-17 10:58:06Z HEARTBEAT Folder1/Folder2/Folder3/Folder4 queued=205000
2025-10-17 10:58:06Z HEARTBEAT Folder1/Folder2/Folder3/Folder4 queued=206000
2025-10-17 10:58:07Z HEARTBEAT Folder1/Folder2/Folder3/Folder4 queued=207000
2025-10-17 10:58:07Z HEARTBEAT Folder1/Folder2/Folder3/Folder4 queued=208000
2025-10-17 10:58:07Z HEARTBEAT Folder1/Folder2/Folder3/Folder4 queued=209000
2025-10-17 10:58:08Z HEARTBEAT Folder1/Folder2/Folder3/Folder4 queued=210000
2025-10-17 10:58:08Z HEARTBEAT Folder1/Folder2/Folder3/Folder4 queued=211000
2025-10-17 10:58:08Z HEARTBEAT Folder1/Folder2/Folder3/Folder4 queued=212000
2025-10-17 10:58:08Z HEARTBEAT Folder1/Folder2/Folder3/Folder4 queued=213000
2025-10-17 10:58:09Z HEARTBEAT Folder1/Folder2/Folder3/Folder4 queued=214000
2025-10-17 10:58:09Z HEARTBEAT Folder1/Folder2/Folder3/Folder4 queued=215000
2025-10-17 10:58:09Z HEARTBEAT Folder1/Folder2/Folder3/Folder4 queued=216000
2025-10-17 10:58:10Z HEARTBEAT Folder1/Folder2/Folder3/Folder4 queued=217000
2025-10-17 10:58:10Z HEARTBEAT Folder1/Folder2/Folder3/Folder4 queued=218000
2025-10-17 10:58:10Z HEARTBEAT Folder1/Folder2/Folder3/Folder4 queued=219000
2025-10-17 10:58:10Z HEARTBEAT Folder1/Folder2/Folder3/Folder4 queued=220000
2025-10-17 10:58:11Z HEARTBEAT Folder1/Folder2/Folder3/Folder4 queued=221000
2025-10-17 10:58:11Z HEARTBEAT Folder1/Folder2/Folder3/Folder4 queued=222000
2025-10-17 10:58:11Z HEARTBEAT Folder1/Folder2/Folder3/Folder4 queued=223000
2025-10-17 10:58:12Z HEARTBEAT Folder1/Folder2/Folder3/Folder4 queued=224000
2025-10-17 10:58:12Z HEARTBEAT Folder1/Folder2/Folder3/Folder4 queued=225000
2025-10-17 10:58:12Z HEARTBEAT Folder1/Folder2/Folder3/Folder4 queued=226000
2025-10-17 10:58:12Z HEARTBEAT Folder1/Folder2/Folder3/Folder4 queued=227000
2025-10-17 10:58:13Z HEARTBEAT Folder1/Folder2/Folder3/Folder4 queued=228000
2025-10-17 10:58:13Z HEARTBEAT Folder1/Folder2/Folder3/Folder4 queued=229000
2025-10-17 10:58:13Z HEARTBEAT Folder1/Folder2/Folder3/Folder4 queued=230000
2025-10-17 10:58:14Z HEARTBEAT Folder1/Folder2/Folder3/Folder4 queued=231000
2025-10-17 10:58:14Z HEARTBEAT Folder1/Folder2/Folder3/Folder4 queued=232000
2025-10-17 10:58:14Z HEARTBEAT Folder1/Folder2/Folder3/Folder4 queued=233000
2025-10-17 10:58:14Z HEARTBEAT Folder1/Folder2/Folder3/Folder4 queued=234000
2025-10-17 10:58:17Z HEARTBEAT Folder1/Folder2/Folder3/Folder4 queued=235000
2025-10-17 10:58:17Z HEARTBEAT Folder1/Folder2/Folder3/Folder4 queued=236000
2025-10-17 10:58:17Z HEARTBEAT Folder1/Folder2/Folder3/Folder4 queued=237000
2025-10-17 10:58:17Z HEARTBEAT Folder1/Folder2/Folder3/Folder4 queued=238000
2025-10-17 10:58:17Z HEARTBEAT Folder1/Folder2/Folder3/Folder4 queued=239000
2025-10-17 10:58:17Z HEARTBEAT Folder1/Folder2/Folder3/Folder4 queued=240000
2025-10-17 10:58:19Z HEARTBEAT Folder1/Folder2/Folder3/Folder4 queued=241000
2025-10-17 10:58:19Z HEARTBEAT Folder1/Folder2/Folder3/Folder4 queued=242000
2025-10-17 10:58:19Z HEARTBEAT Folder1/Folder2/Folder3/Folder4 queued=243000
2025-10-17 10:58:19Z HEARTBEAT Folder1/Folder2/Folder3/Folder4 queued=244000
2025-10-17 10:58:19Z HEARTBEAT Folder1/Folder2/Folder3/Folder4 queued=245000
2025-10-17 10:58:19Z HEARTBEAT Folder1/Folder2/Folder3/Folder4 queued=246000
2025-10-17 10:58:19Z HEARTBEAT Folder1/Folder2/Folder3/Folder4 queued=247000
2025-10-17 10:58:20Z HEARTBEAT Folder1/Folder2/Folder3/Folder4 queued=248000
2025-10-17 10:58:20Z HEARTBEAT Folder1/Folder2/Folder3/Folder4 queued=249000
2025-10-17 10:58:20Z HEARTBEAT Folder1/Folder2/Folder3/Folder4 queued=250000
2025-10-17 10:58:21Z HEARTBEAT Folder1/Folder2/Folder3/Folder4 queued=251000
2025-10-17 10:58:21Z HEARTBEAT Folder1/Folder2/Folder3/Folder4 queued=252000
2025-10-17 10:58:21Z HEARTBEAT Folder1/Folder2/Folder3/Folder4 queued=253000
2025-10-17 10:58:23Z HEARTBEAT Folder1/Folder2/Folder3/Folder4 queued=254000
2025-10-17 10:58:23Z HEARTBEAT Folder1/Folder2/Folder3/Folder4 queued=255000
2025-10-17 10:58:23Z HEARTBEAT Folder1/Folder2/Folder3/Folder4 queued=256000
2025-10-17 10:58:24Z HEARTBEAT Folder1/Folder2/Folder3/Folder4 queued=257000
2025-10-17 10:58:24Z HEARTBEAT Folder1/Folder2/Folder3/Folder4 queued=258000
2025-10-17 10:58:24Z HEARTBEAT Folder1/Folder2/Folder3/Folder4 queued=259000
2025-10-17 10:58:25Z HEARTBEAT Folder1/Folder2/Folder3/Folder4 queued=260000
2025-10-17 10:58:25Z HEARTBEAT Folder1/Folder2/Folder3/Folder4 queued=261000
2025-10-17 10:58:25Z HEARTBEAT Folder1/Folder2/Folder3/Folder4 queued=262000
2025-10-17 10:58:26Z HEARTBEAT Folder1/Folder2/Folder3/Folder4 queued=263000
2025-10-17 10:58:26Z HEARTBEAT Folder1/Folder2/Folder3/Folder4 queued=264000
2025-10-17 10:58:26Z HEARTBEAT Folder1/Folder2/Folder3/Folder4 queued=265000
2025-10-17 10:58:26Z HEARTBEAT Folder1/Folder2/Folder3/Folder4 queued=266000
2025-10-17 10:58:27Z HEARTBEAT Folder1/Folder2/Folder3/Folder4 queued=267000
2025-10-17 10:58:27Z HEARTBEAT Folder1/Folder2/Folder3/Folder4 queued=268000
2025-10-17 10:58:27Z HEARTBEAT Folder1/Folder2/Folder3/Folder4 queued=269000
2025-10-17 10:58:28Z HEARTBEAT Folder1/Folder2/Folder3/Folder4 queued=270000
2025-10-17 10:58:28Z HEARTBEAT Folder1/Folder2/Folder3/Folder4 queued=271000
2025-10-17 10:58:28Z HEARTBEAT Folder1/Folder2/Folder3/Folder4 queued=272000
2025-10-17 10:58:28Z HEARTBEAT Folder1/Folder2/Folder3/Folder4 queued=273000
2025-10-17 10:58:29Z HEARTBEAT Folder1/Folder2/Folder3/Folder4 queued=274000
2025-10-17 10:58:29Z HEARTBEAT Folder1/Folder2/Folder3/Folder4 queued=275000
2025-10-17 10:58:29Z HEARTBEAT Folder1/Folder2/Folder3/Folder4 queued=276000
2025-10-17 10:58:30Z HEARTBEAT Folder1/Folder2/Folder3/Folder4 queued=277000
2025-10-17 10:58:30Z HEARTBEAT Folder1/Folder2/Folder3/Folder4 queued=278000
2025-10-17 10:58:30Z HEARTBEAT Folder1/Folder2/Folder3/Folder4 queued=279000
2025-10-17 10:58:30Z HEARTBEAT Folder1/Folder2/Folder3/Folder4 queued=280000
2025-10-17 10:58:31Z HEARTBEAT Folder1/Folder2/Folder3/Folder4 queued=281000
2025-10-17 10:58:31Z HEARTBEAT Folder1/Folder2/Folder3/Folder4 queued=282000
2025-10-17 10:58:31Z HEARTBEAT Folder1/Folder2/Folder3/Folder4 queued=283000
2025-10-17 10:58:33Z HEARTBEAT Folder1/Folder2/Folder3/Folder4 queued=284000
2025-10-17 10:58:33Z HEARTBEAT Folder1/Folder2/Folder3/Folder4 queued=285000
2025-10-17 10:58:33Z HEARTBEAT Folder1/Folder2/Folder3/Folder4 queued=286000
2025-10-17 10:58:33Z HEARTBEAT Folder1/Folder2/Folder3/Folder4 queued=287000
2025-10-17 10:58:34Z HEARTBEAT Folder1/Folder2/Folder3/Folder4 queued=288000
2025-10-17 10:58:34Z HEARTBEAT Folder1/Folder2/Folder3/Folder4 queued=289000
2025-10-17 10:58:34Z HEARTBEAT Folder1/Folder2/Folder3/Folder4 queued=290000
2025-10-17 10:58:34Z HEARTBEAT Folder1/Folder2/Folder3/Folder4 queued=291000
2025-10-17 10:58:34Z HEARTBEAT Folder1/Folder2/Folder3/Folder4 queued=292000
2025-10-17 10:58:34Z HEARTBEAT Folder1/Folder2/Folder3/Folder4 queued=293000
2025-10-17 10:58:34Z HEARTBEAT Folder1/Folder2/Folder3/Folder4 queued=294000
2025-10-17 10:58:35Z HEARTBEAT Folder1/Folder2/Folder3/Folder4 queued=295000
2025-10-17 10:58:35Z HEARTBEAT Folder1/Folder2/Folder3/Folder4 queued=296000
2025-10-17 10:58:35Z HEARTBEAT Folder1/Folder2/Folder3/Folder4 queued=297000
2025-10-17 10:58:36Z HEARTBEAT Folder1/Folder2/Folder3/Folder4 queued=298000
2025-10-17 10:58:36Z HEARTBEAT Folder1/Folder2/Folder3/Folder4 queued=299000
2025-10-17 10:58:36Z HEARTBEAT Folder1/Folder2/Folder3/Folder4 queued=300000
2025-10-17 10:58:36Z HEARTBEAT Folder1/Folder2/Folder3/Folder4 queued=301000
2025-10-17 10:58:37Z HEARTBEAT Folder1/Folder2/Folder3/Folder4 queued=302000
2025-10-17 10:58:39Z HEARTBEAT Folder1/Folder2/Folder3/Folder4 queued=303000
2025-10-17 10:58:39Z HEARTBEAT Folder1/Folder2/Folder3/Folder4 queued=304000
2025-10-17 10:58:52Z FOLDER-SUMMARY Folder1/Folder2/Folder3/Folder4 enumerated=304183 deleted=304183 roots=1838 failed=0
2025-10-17 10:58:52Z FOLDER-END   Folder1/Folder2/Folder3/Folder4
2025-10-17 10:58:52Z FOLDER-START Folder1/Folder2/Folder3/Folder/Folder5/
2025-10-17 10:58:53Z FOLDER-SUMMARY Folder1/Folder2/Folder3/Folder/Folder5/ enumerated=7 deleted=7 roots=3 failed=0
2025-10-17 10:58:53Z FOLDER-END   Folder1/Folder2/Folder3/Folder/Folder5/
2025-10-17 10:58:53Z All folders completed.
